{"message":"lkjlk","level":"info"}
{"message":"lkjlk","level":"info"}
{"message":"lkjlk","level":"info"}
{"message":"lkjlk","level":"info"}
{"message":"lkjlk","level":"info"}
{"message":"lkjlk","level":"info"}
{"message":"lkjlk","level":"error"}
{"message":"lkjlk","level":"info"}
{"message":"hkj","level":"error"}
{"message":"dceded","level":"info"}
{"message":"dceded","level":"info"}
{"message":"dceded","level":"info"}
{"message":"dceded","level":"info"}
{"message":"Mongodb Connected...","level":"info"}
{"message":"Mongodb Connected...","level":"info"}
{"message":"Redis Client Connected...","level":"info"}
{"message":"Mongodb Connected...","level":"info"}
{"message":"Server starting on port no: 5000","level":"info"}
{"message":"Redis Client Connected...","level":"info"}
{"message":"Mongodb Connected...","level":"info"}
{"message":"Server starting on port no: 5000","level":"info"}
{"message":"Redis Client Connected...","level":"info"}
{"message":"Mongodb Connected...","level":"info"}
{"message":"Server starting on port no: 5000","level":"info"}
{"message":"Redis Client Connected...","level":"info"}
{"message":"Mongodb Connected...","level":"error"}
{"message":"Server starting on port no: 5000","level":"info"}
{"message":"Redis Client Connected...","level":"info"}
{"message":"Mongodb Connected...","level":"info"}
